app/build/intermediates/manifest_merge_blame_file/debug/manifest-merger-blame-debug-report.txt
1<?xml version="1.0" encoding="utf-8"?>
2<manifest xmlns:android="http://schemas.android.com/apk/res/android"
3    package="com.algovin373.project.moviecatalog.debug"
4    android:versionCode="1"
5    android:versionName="1.0" >
6
7    <uses-sdk
8        android:minSdkVersion="24"
8-->src/main/AndroidManifest.xml
9        android:targetSdkVersion="28" />
9-->src/main/AndroidManifest.xml
10
11    <uses-permission android:name="android.permission.INTERNET" />
11-->src/main/AndroidManifest.xml:5:5-66
11-->src/main/AndroidManifest.xml:5:22-64
12
13    <application
13-->src/main/AndroidManifest.xml:7:5-31:19
14        android:allowBackup="true"
14-->src/main/AndroidManifest.xml:8:13-39
15        android:appComponentFactory="androidx.core.app.CoreComponentFactory"
15-->[androidx.core:core:1.1.0-rc01] AndroidManifest.xml:24:18-86
16        android:debuggable="true"
17        android:icon="@mipmap/ic_launcher"
17-->src/main/AndroidManifest.xml:9:13-47
18        android:label="@string/app_name"
18-->src/main/AndroidManifest.xml:10:13-45
19        android:roundIcon="@mipmap/ic_launcher_round"
19-->src/main/AndroidManifest.xml:11:13-58
20        android:supportsRtl="true"
20-->src/main/AndroidManifest.xml:12:13-39
21        android:testOnly="true"
22        android:theme="@style/AppTheme" >
22-->src/main/AndroidManifest.xml:13:13-44
23        <activity android:name="com.algovin373.project.moviecatalog.ui.activity.DetailTVShowActivity" >
23-->src/main/AndroidManifest.xml:14:9-15:20
23-->src/main/AndroidManifest.xml:14:19-67
24        </activity>
25        <activity android:name="com.algovin373.project.moviecatalog.ui.activity.DetailMovieActivity" >
25-->src/main/AndroidManifest.xml:16:9-17:20
25-->src/main/AndroidManifest.xml:16:19-66
26        </activity>
27        <activity android:name="com.algovin373.project.moviecatalog.ui.activity.MainActivity" >
27-->src/main/AndroidManifest.xml:18:9-24:20
27-->src/main/AndroidManifest.xml:18:19-59
28            <intent-filter>
28-->src/main/AndroidManifest.xml:19:13-23:29
29                <action android:name="android.intent.action.MAIN" />
29-->src/main/AndroidManifest.xml:20:17-68
29-->src/main/AndroidManifest.xml:20:25-66
30
31                <category android:name="android.intent.category.LAUNCHER" />
31-->src/main/AndroidManifest.xml:22:17-76
31-->src/main/AndroidManifest.xml:22:27-74
32            </intent-filter>
33        </activity>
34        <activity android:name="com.algokelvin373.project.moviecatalog.testing.AlternativeFragmentActivity" />
34-->src/main/AndroidManifest.xml:26:9-111
34-->src/main/AndroidManifest.xml:26:19-108
35
36        <meta-data
36-->src/main/AndroidManifest.xml:28:9-30:60
37            android:name="preloaded_fonts"
37-->src/main/AndroidManifest.xml:29:17-47
38            android:resource="@array/preloaded_fonts" />
38-->src/main/AndroidManifest.xml:30:17-58
39
40        <service
40-->[androidx.room:room-runtime:2.2.0-beta01] AndroidManifest.xml:25:9-27:40
41            android:name="androidx.room.MultiInstanceInvalidationService"
41-->[androidx.room:room-runtime:2.2.0-beta01] AndroidManifest.xml:26:13-74
42            android:exported="false" />
42-->[androidx.room:room-runtime:2.2.0-beta01] AndroidManifest.xml:27:13-37
43
44        <provider
44-->[androidx.lifecycle:lifecycle-process:2.2.0-alpha03] AndroidManifest.xml:25:9-29:43
45            android:name="androidx.lifecycle.ProcessLifecycleOwnerInitializer"
45-->[androidx.lifecycle:lifecycle-process:2.2.0-alpha03] AndroidManifest.xml:26:13-79
46            android:authorities="com.algovin373.project.moviecatalog.debug.lifecycle-process"
46-->[androidx.lifecycle:lifecycle-process:2.2.0-alpha03] AndroidManifest.xml:27:13-69
47            android:exported="false"
47-->[androidx.lifecycle:lifecycle-process:2.2.0-alpha03] AndroidManifest.xml:28:13-37
48            android:multiprocess="true" />
48-->[androidx.lifecycle:lifecycle-process:2.2.0-alpha03] AndroidManifest.xml:29:13-40
49    </application>
50
51</manifest>